<?xml version="1.0" encoding="UTF-8"?>
<!-- Generated by org.testng.reporters.JUnitReportReporter -->
<testsuite hostname="DESKTOP-TSOOSHF" failures="0" tests="5" name="com.shannu.devops.UserValidationTest" time="0.025" errors="0" timestamp="2023-11-07T12:18:26 IST" skipped="0">
  <testcase classname="com.shannu.devops.UserValidationTest" name="testCase2" time="0.001"/>
  <testcase classname="com.shannu.devops.UserValidationTest" name="testCase1" time="0.021"/>
  <testcase classname="com.shannu.devops.UserValidationTest" name="testCase5" time="0.001"/>
  <testcase classname="com.shannu.devops.UserValidationTest" name="testCase4" time="0.001"/>
  <testcase classname="com.shannu.devops.UserValidationTest" name="testCase3" time="0.001"/>
</testsuite> <!-- com.shannu.devops.UserValidationTest -->
